<?xml version="1.0" encoding="UTF-8"?>
<coverage generated="1733272993293" clover="3.2.0">
  <project timestamp="1733272993293" name="All files">
    <metrics statements="5" coveredstatements="5" conditionals="0" coveredconditionals="0" methods="2" coveredmethods="1" elements="7" coveredelements="6" complexity="0" loc="5" ncloc="5" packages="1" files="1" classes="1"/>
    <file name="functions.js" path="/Users/user/repos/jestBasics/functions.js">
      <metrics statements="5" coveredstatements="5" conditionals="0" coveredconditionals="0" methods="2" coveredmethods="1"/>
      <line num="2" count="3" type="stmt"/>
      <line num="3" count="3" type="stmt"/>
      <line num="4" count="3" type="stmt"/>
      <line num="5" count="3" type="stmt"/>
      <line num="12" count="1" type="stmt"/>
    </file>
  </project>
</coverage>
