<?xml version="1.0" encoding="UTF-8"?>
<coverage generated="1733425734901" clover="3.2.0">
  <project timestamp="1733425734902" name="All files">
    <metrics statements="19" coveredstatements="16" conditionals="8" coveredconditionals="5" methods="3" coveredmethods="3" elements="30" coveredelements="24" complexity="0" loc="19" ncloc="19" packages="1" files="1" classes="1"/>
    <file name="functions.js" path="/Users/user/repos/jestBasics/functions.js">
      <metrics statements="19" coveredstatements="16" conditionals="8" coveredconditionals="5" methods="3" coveredmethods="3"/>
      <line num="2" count="3" type="stmt"/>
      <line num="3" count="3" type="stmt"/>
      <line num="4" count="3" type="stmt"/>
      <line num="5" count="3" type="stmt"/>
      <line num="9" count="1" type="stmt"/>
      <line num="10" count="1" type="stmt"/>
      <line num="11" count="7" type="stmt"/>
      <line num="13" count="1" type="stmt"/>
      <line num="14" count="1" type="stmt"/>
      <line num="18" count="2" type="cond" truecount="2" falsecount="0"/>
      <line num="19" count="1" type="stmt"/>
      <line num="21" count="1" type="cond" truecount="1" falsecount="1"/>
      <line num="22" count="0" type="stmt"/>
      <line num="24" count="1" type="cond" truecount="1" falsecount="1"/>
      <line num="25" count="0" type="stmt"/>
      <line num="27" count="1" type="cond" truecount="1" falsecount="1"/>
      <line num="28" count="1" type="stmt"/>
      <line num="31" count="0" type="stmt"/>
      <line num="35" count="1" type="stmt"/>
    </file>
  </project>
</coverage>
