{"/Users/user/repos/jestBasics/functions.js": {"path":"/Users/user/repos/jestBasics/functions.js","statementMap":{"0":{"start":{"line":2,"column":22},"end":{"line":2,"column":29}},"1":{"start":{"line":3,"column":25},"end":{"line":3,"column":50}},"2":{"start":{"line":4,"column":18},"end":{"line":4,"column":54}},"3":{"start":{"line":5,"column":4},"end":{"line":5,"column":19}},"4":{"start":{"line":9,"column":20},"end":{"line":9,"column":22}},"5":{"start":{"line":10,"column":4},"end":{"line":12,"column":5}},"6":{"start":{"line":10,"column":15},"end":{"line":10,"column":28}},"7":{"start":{"line":11,"column":8},"end":{"line":11,"column":32}},"8":{"start":{"line":13,"column":18},"end":{"line":13,"column":36}},"9":{"start":{"line":14,"column":4},"end":{"line":14,"column":19}},"10":{"start":{"line":18,"column":4},"end":{"line":32,"column":5}},"11":{"start":{"line":19,"column":8},"end":{"line":19,"column":21}},"12":{"start":{"line":21,"column":9},"end":{"line":32,"column":5}},"13":{"start":{"line":22,"column":8},"end":{"line":22,"column":21}},"14":{"start":{"line":24,"column":9},"end":{"line":32,"column":5}},"15":{"start":{"line":25,"column":8},"end":{"line":25,"column":19}},"16":{"start":{"line":27,"column":9},"end":{"line":32,"column":5}},"17":{"start":{"line":28,"column":8},"end":{"line":28,"column":19}},"18":{"start":{"line":31,"column":8},"end":{"line":31,"column":29}},"19":{"start":{"line":35,"column":0},"end":{"line":39,"column":1}}},"fnMap":{"0":{"name":"capitalize","decl":{"start":{"line":1,"column":9},"end":{"line":1,"column":19}},"loc":{"start":{"line":1,"column":25},"end":{"line":6,"column":1}},"line":1},"1":{"name":"reverseString","decl":{"start":{"line":8,"column":9},"end":{"line":8,"column":22}},"loc":{"start":{"line":8,"column":29},"end":{"line":15,"column":1}},"line":8},"2":{"name":"calculator","decl":{"start":{"line":17,"column":9},"end":{"line":17,"column":19}},"loc":{"start":{"line":17,"column":31},"end":{"line":33,"column":1}},"line":17}},"branchMap":{"0":{"loc":{"start":{"line":18,"column":4},"end":{"line":32,"column":5}},"type":"if","locations":[{"start":{"line":18,"column":4},"end":{"line":32,"column":5}},{"start":{"line":21,"column":9},"end":{"line":32,"column":5}}],"line":18},"1":{"loc":{"start":{"line":21,"column":9},"end":{"line":32,"column":5}},"type":"if","locations":[{"start":{"line":21,"column":9},"end":{"line":32,"column":5}},{"start":{"line":24,"column":9},"end":{"line":32,"column":5}}],"line":21},"2":{"loc":{"start":{"line":24,"column":9},"end":{"line":32,"column":5}},"type":"if","locations":[{"start":{"line":24,"column":9},"end":{"line":32,"column":5}},{"start":{"line":27,"column":9},"end":{"line":32,"column":5}}],"line":24},"3":{"loc":{"start":{"line":27,"column":9},"end":{"line":32,"column":5}},"type":"if","locations":[{"start":{"line":27,"column":9},"end":{"line":32,"column":5}},{"start":{"line":30,"column":9},"end":{"line":32,"column":5}}],"line":27}},"s":{"0":3,"1":3,"2":3,"3":3,"4":1,"5":1,"6":1,"7":7,"8":1,"9":1,"10":2,"11":1,"12":1,"13":0,"14":1,"15":0,"16":1,"17":1,"18":0,"19":1},"f":{"0":3,"1":1,"2":2},"b":{"0":[1,1],"1":[0,1],"2":[0,1],"3":[1,0]},"_coverageSchema":"1a1c01bbd47fc00a2c39e90264f33305004495a9","hash":"b0ae38e8c422ae465e209b5ba648fe5056af892b"}
}
