{"/Users/user/repos/jestBasics/functions.js": {"path":"/Users/user/repos/jestBasics/functions.js","statementMap":{"0":{"start":{"line":2,"column":22},"end":{"line":2,"column":29}},"1":{"start":{"line":3,"column":25},"end":{"line":3,"column":50}},"2":{"start":{"line":4,"column":18},"end":{"line":4,"column":54}},"3":{"start":{"line":5,"column":4},"end":{"line":5,"column":19}},"4":{"start":{"line":12,"column":0},"end":{"line":16,"column":1}}},"fnMap":{"0":{"name":"capitalize","decl":{"start":{"line":1,"column":9},"end":{"line":1,"column":19}},"loc":{"start":{"line":1,"column":25},"end":{"line":6,"column":1}},"line":1},"1":{"name":"reverseString","decl":{"start":{"line":8,"column":9},"end":{"line":8,"column":22}},"loc":{"start":{"line":8,"column":29},"end":{"line":10,"column":1}},"line":8}},"branchMap":{},"s":{"0":3,"1":3,"2":3,"3":3,"4":1},"f":{"0":3,"1":0},"b":{},"_coverageSchema":"1a1c01bbd47fc00a2c39e90264f33305004495a9","hash":"84b2855bad67ef8144e21cffce0042a7b2c4a028"}
}
